<?xml version="1.0" encoding="UTF-8"?>
<coverage generated="1645712575633" clover="3.2.0">
  <project timestamp="1645712575633" name="All files">
    <metrics statements="2" coveredstatements="2" conditionals="0" coveredconditionals="0" methods="2" coveredmethods="2" elements="4" coveredelements="4" complexity="0" loc="2" ncloc="2" packages="1" files="1" classes="1"/>
    <file name="addRemove.js" path="D:\Programing\Microverse-Github\Module 2\week 2\To-Do-List\src\Modules\addRemove.js">
      <metrics statements="2" coveredstatements="2" conditionals="0" coveredconditionals="0" methods="2" coveredmethods="2"/>
      <line num="2" count="2" type="stmt"/>
      <line num="6" count="2" type="stmt"/>
    </file>
  </project>
</coverage>
