<?xml version="1.0" encoding="UTF-8"?>
<coverage generated="1643276958212" clover="3.2.0">
  <project timestamp="1643276958212" name="All files">
    <metrics statements="2" coveredstatements="2" conditionals="0" coveredconditionals="0" methods="1" coveredmethods="1" elements="3" coveredelements="3" complexity="0" loc="2" ncloc="2" packages="1" files="1" classes="1"/>
    <file name="sum.js" path="D:\Programing\Microverse-Github\Module 2\week 2\To-Do-List\src\sum.js">
      <metrics statements="2" coveredstatements="2" conditionals="0" coveredconditionals="0" methods="1" coveredmethods="1"/>
      <line num="2" count="1" type="stmt"/>
      <line num="5" count="1" type="stmt"/>
    </file>
  </project>
</coverage>
